running egg_info
writing ../../build/lekiwi_control/lekiwi_control.egg-info/PKG-INFO
writing dependency_links to ../../build/lekiwi_control/lekiwi_control.egg-info/dependency_links.txt
writing entry points to ../../build/lekiwi_control/lekiwi_control.egg-info/entry_points.txt
writing requirements to ../../build/lekiwi_control/lekiwi_control.egg-info/requires.txt
writing top-level names to ../../build/lekiwi_control/lekiwi_control.egg-info/top_level.txt
reading manifest file '../../build/lekiwi_control/lekiwi_control.egg-info/SOURCES.txt'
writing manifest file '../../build/lekiwi_control/lekiwi_control.egg-info/SOURCES.txt'
running build
running build_py
copying lekiwi_control/cmd_vel_publisher.py -> /home/acy/lekiwi/lekiwi_ws/build/lekiwi_control/build/lib/lekiwi_control
running install
running install_lib
copying /home/acy/lekiwi/lekiwi_ws/build/lekiwi_control/build/lib/lekiwi_control/cmd_vel_publisher.py -> /home/acy/lekiwi/lekiwi_ws/install/lekiwi_control/lib/python3.10/site-packages/lekiwi_control
byte-compiling /home/acy/lekiwi/lekiwi_ws/install/lekiwi_control/lib/python3.10/site-packages/lekiwi_control/cmd_vel_publisher.py to cmd_vel_publisher.cpython-310.pyc
running install_data
copying package.xml -> /home/acy/lekiwi/lekiwi_ws/install/lekiwi_control/share/lekiwi_control
running install_egg_info
Copying ../../build/lekiwi_control/lekiwi_control.egg-info to /home/acy/lekiwi/lekiwi_ws/install/lekiwi_control/lib/python3.10/site-packages/lekiwi_control-0.0.0-py3.10.egg-info
running install_scripts
Installing cmd_vel_publisher script to /home/acy/lekiwi/lekiwi_ws/install/lekiwi_control/lib/lekiwi_control
writing list of installed files to '/home/acy/lekiwi/lekiwi_ws/build/lekiwi_control/install.log'
