[0.427s] Invoking command in '/home/acy/lekiwi/lekiwi_ws/src/lekiwi_control': PYTHONPATH=/home/acy/lekiwi/lekiwi_ws/build/lekiwi_control/prefix_override:/usr/lib/python3/dist-packages/colcon_core/task/python/colcon_distutils_commands:/home/acy/lekiwi/lekiwi_ws/install/lekiwi_control/lib/python3.10/site-packages:${PYTHONPATH} /usr/bin/python3 -W ignore:setup.py install is deprecated -W ignore:easy_install command is deprecated setup.py egg_info --egg-base ../../build/lekiwi_control build --build-base /home/acy/lekiwi/lekiwi_ws/build/lekiwi_control/build install --record /home/acy/lekiwi/lekiwi_ws/build/lekiwi_control/install.log --single-version-externally-managed install_data
[0.574s] running egg_info
[0.575s] writing ../../build/lekiwi_control/lekiwi_control.egg-info/PKG-INFO
[0.575s] writing dependency_links to ../../build/lekiwi_control/lekiwi_control.egg-info/dependency_links.txt
[0.575s] writing entry points to ../../build/lekiwi_control/lekiwi_control.egg-info/entry_points.txt
[0.575s] writing requirements to ../../build/lekiwi_control/lekiwi_control.egg-info/requires.txt
[0.575s] writing top-level names to ../../build/lekiwi_control/lekiwi_control.egg-info/top_level.txt
[0.577s] reading manifest file '../../build/lekiwi_control/lekiwi_control.egg-info/SOURCES.txt'
[0.578s] writing manifest file '../../build/lekiwi_control/lekiwi_control.egg-info/SOURCES.txt'
[0.578s] running build
[0.578s] running build_py
[0.578s] copying lekiwi_control/cmd_vel_publisher.py -> /home/acy/lekiwi/lekiwi_ws/build/lekiwi_control/build/lib/lekiwi_control
[0.578s] running install
[0.579s] running install_lib
[0.580s] copying /home/acy/lekiwi/lekiwi_ws/build/lekiwi_control/build/lib/lekiwi_control/cmd_vel_publisher.py -> /home/acy/lekiwi/lekiwi_ws/install/lekiwi_control/lib/python3.10/site-packages/lekiwi_control
[0.580s] byte-compiling /home/acy/lekiwi/lekiwi_ws/install/lekiwi_control/lib/python3.10/site-packages/lekiwi_control/cmd_vel_publisher.py to cmd_vel_publisher.cpython-310.pyc
[0.581s] running install_data
[0.581s] copying package.xml -> /home/acy/lekiwi/lekiwi_ws/install/lekiwi_control/share/lekiwi_control
[0.581s] running install_egg_info
[0.582s] Copying ../../build/lekiwi_control/lekiwi_control.egg-info to /home/acy/lekiwi/lekiwi_ws/install/lekiwi_control/lib/python3.10/site-packages/lekiwi_control-0.0.0-py3.10.egg-info
[0.583s] running install_scripts
[0.597s] Installing cmd_vel_publisher script to /home/acy/lekiwi/lekiwi_ws/install/lekiwi_control/lib/lekiwi_control
[0.597s] writing list of installed files to '/home/acy/lekiwi/lekiwi_ws/build/lekiwi_control/install.log'
[0.618s] Invoked command in '/home/acy/lekiwi/lekiwi_ws/src/lekiwi_control' returned '0': PYTHONPATH=/home/acy/lekiwi/lekiwi_ws/build/lekiwi_control/prefix_override:/usr/lib/python3/dist-packages/colcon_core/task/python/colcon_distutils_commands:/home/acy/lekiwi/lekiwi_ws/install/lekiwi_control/lib/python3.10/site-packages:${PYTHONPATH} /usr/bin/python3 -W ignore:setup.py install is deprecated -W ignore:easy_install command is deprecated setup.py egg_info --egg-base ../../build/lekiwi_control build --build-base /home/acy/lekiwi/lekiwi_ws/build/lekiwi_control/build install --record /home/acy/lekiwi/lekiwi_ws/build/lekiwi_control/install.log --single-version-externally-managed install_data
