running egg_info
writing ../../build/lekiwi_servo/lekiwi_servo.egg-info/PKG-INFO
writing dependency_links to ../../build/lekiwi_servo/lekiwi_servo.egg-info/dependency_links.txt
writing entry points to ../../build/lekiwi_servo/lekiwi_servo.egg-info/entry_points.txt
writing requirements to ../../build/lekiwi_servo/lekiwi_servo.egg-info/requires.txt
writing top-level names to ../../build/lekiwi_servo/lekiwi_servo.egg-info/top_level.txt
reading manifest file '../../build/lekiwi_servo/lekiwi_servo.egg-info/SOURCES.txt'
writing manifest file '../../build/lekiwi_servo/lekiwi_servo.egg-info/SOURCES.txt'
running build
running build_py
running install
running install_lib
running install_data
running install_egg_info
removing '/home/acy/lekiwi/lekiwi_ws/install/lekiwi_servo/lib/python3.10/site-packages/lekiwi_servo-0.0.0-py3.10.egg-info' (and everything under it)
Copying ../../build/lekiwi_servo/lekiwi_servo.egg-info to /home/acy/lekiwi/lekiwi_ws/install/lekiwi_servo/lib/python3.10/site-packages/lekiwi_servo-0.0.0-py3.10.egg-info
running install_scripts
Installing servo_controller script to /home/acy/lekiwi/lekiwi_ws/install/lekiwi_servo/lib/lekiwi_servo
Installing servo_teleop script to /home/acy/lekiwi/lekiwi_ws/install/lekiwi_servo/lib/lekiwi_servo
writing list of installed files to '/home/acy/lekiwi/lekiwi_ws/build/lekiwi_servo/install.log'
