[0.399s] Invoking command in '/home/acy/lekiwi/lekiwi_ws/src/lekiwi_control': PYTHONPATH=/home/acy/lekiwi/lekiwi_ws/build/lekiwi_control/prefix_override:/usr/lib/python3/dist-packages/colcon_core/task/python/colcon_distutils_commands:/home/acy/lekiwi/lekiwi_ws/install/lekiwi_control/lib/python3.10/site-packages:${PYTHONPATH} /usr/bin/python3 -W ignore:setup.py install is deprecated -W ignore:easy_install command is deprecated setup.py egg_info --egg-base ../../build/lekiwi_control build --build-base /home/acy/lekiwi/lekiwi_ws/build/lekiwi_control/build install --record /home/acy/lekiwi/lekiwi_ws/build/lekiwi_control/install.log --single-version-externally-managed install_data
[0.554s] running egg_info
[0.554s] writing ../../build/lekiwi_control/lekiwi_control.egg-info/PKG-INFO
[0.555s] writing dependency_links to ../../build/lekiwi_control/lekiwi_control.egg-info/dependency_links.txt
[0.555s] writing entry points to ../../build/lekiwi_control/lekiwi_control.egg-info/entry_points.txt
[0.555s] writing requirements to ../../build/lekiwi_control/lekiwi_control.egg-info/requires.txt
[0.555s] writing top-level names to ../../build/lekiwi_control/lekiwi_control.egg-info/top_level.txt
[0.556s] reading manifest file '../../build/lekiwi_control/lekiwi_control.egg-info/SOURCES.txt'
[0.557s] writing manifest file '../../build/lekiwi_control/lekiwi_control.egg-info/SOURCES.txt'
[0.557s] running build
[0.557s] running build_py
[0.557s] running install
[0.557s] running install_lib
[0.558s] running install_data
[0.558s] running install_egg_info
[0.559s] removing '/home/acy/lekiwi/lekiwi_ws/install/lekiwi_control/lib/python3.10/site-packages/lekiwi_control-0.0.0-py3.10.egg-info' (and everything under it)
[0.559s] Copying ../../build/lekiwi_control/lekiwi_control.egg-info to /home/acy/lekiwi/lekiwi_ws/install/lekiwi_control/lib/python3.10/site-packages/lekiwi_control-0.0.0-py3.10.egg-info
[0.560s] running install_scripts
[0.574s] Installing cmd_vel_publisher script to /home/acy/lekiwi/lekiwi_ws/install/lekiwi_control/lib/lekiwi_control
[0.574s] writing list of installed files to '/home/acy/lekiwi/lekiwi_ws/build/lekiwi_control/install.log'
[0.592s] Invoked command in '/home/acy/lekiwi/lekiwi_ws/src/lekiwi_control' returned '0': PYTHONPATH=/home/acy/lekiwi/lekiwi_ws/build/lekiwi_control/prefix_override:/usr/lib/python3/dist-packages/colcon_core/task/python/colcon_distutils_commands:/home/acy/lekiwi/lekiwi_ws/install/lekiwi_control/lib/python3.10/site-packages:${PYTHONPATH} /usr/bin/python3 -W ignore:setup.py install is deprecated -W ignore:easy_install command is deprecated setup.py egg_info --egg-base ../../build/lekiwi_control build --build-base /home/acy/lekiwi/lekiwi_ws/build/lekiwi_control/build install --record /home/acy/lekiwi/lekiwi_ws/build/lekiwi_control/install.log --single-version-externally-managed install_data
