running egg_info
creating ../build/lekiwi_control/lekiwi_control.egg-info
writing ../build/lekiwi_control/lekiwi_control.egg-info/PKG-INFO
writing dependency_links to ../build/lekiwi_control/lekiwi_control.egg-info/dependency_links.txt
writing entry points to ../build/lekiwi_control/lekiwi_control.egg-info/entry_points.txt
writing requirements to ../build/lekiwi_control/lekiwi_control.egg-info/requires.txt
writing top-level names to ../build/lekiwi_control/lekiwi_control.egg-info/top_level.txt
writing manifest file '../build/lekiwi_control/lekiwi_control.egg-info/SOURCES.txt'
reading manifest file '../build/lekiwi_control/lekiwi_control.egg-info/SOURCES.txt'
writing manifest file '../build/lekiwi_control/lekiwi_control.egg-info/SOURCES.txt'
running build
running build_py
creating /home/acy/lekiwi/lekiwi_ws/build/lekiwi_control/build
creating /home/acy/lekiwi/lekiwi_ws/build/lekiwi_control/build/lib
creating /home/acy/lekiwi/lekiwi_ws/build/lekiwi_control/build/lib/lekiwi_control
copying lekiwi_control/cmd_vel_publisher.py -> /home/acy/lekiwi/lekiwi_ws/build/lekiwi_control/build/lib/lekiwi_control
copying lekiwi_control/__init__.py -> /home/acy/lekiwi/lekiwi_ws/build/lekiwi_control/build/lib/lekiwi_control
running install
running install_lib
creating /home/acy/lekiwi/lekiwi_ws/install/lekiwi_control/lib/python3.10/site-packages/lekiwi_control
copying /home/acy/lekiwi/lekiwi_ws/build/lekiwi_control/build/lib/lekiwi_control/cmd_vel_publisher.py -> /home/acy/lekiwi/lekiwi_ws/install/lekiwi_control/lib/python3.10/site-packages/lekiwi_control
copying /home/acy/lekiwi/lekiwi_ws/build/lekiwi_control/build/lib/lekiwi_control/__init__.py -> /home/acy/lekiwi/lekiwi_ws/install/lekiwi_control/lib/python3.10/site-packages/lekiwi_control
byte-compiling /home/acy/lekiwi/lekiwi_ws/install/lekiwi_control/lib/python3.10/site-packages/lekiwi_control/cmd_vel_publisher.py to cmd_vel_publisher.cpython-310.pyc
byte-compiling /home/acy/lekiwi/lekiwi_ws/install/lekiwi_control/lib/python3.10/site-packages/lekiwi_control/__init__.py to __init__.cpython-310.pyc
running install_data
creating /home/acy/lekiwi/lekiwi_ws/install/lekiwi_control/share/ament_index
creating /home/acy/lekiwi/lekiwi_ws/install/lekiwi_control/share/ament_index/resource_index
creating /home/acy/lekiwi/lekiwi_ws/install/lekiwi_control/share/ament_index/resource_index/packages
copying resource/lekiwi_control -> /home/acy/lekiwi/lekiwi_ws/install/lekiwi_control/share/ament_index/resource_index/packages
copying package.xml -> /home/acy/lekiwi/lekiwi_ws/install/lekiwi_control/share/lekiwi_control
running install_egg_info
Copying ../build/lekiwi_control/lekiwi_control.egg-info to /home/acy/lekiwi/lekiwi_ws/install/lekiwi_control/lib/python3.10/site-packages/lekiwi_control-0.0.1-py3.10.egg-info
running install_scripts
Installing cmd_vel_publisher script to /home/acy/lekiwi/lekiwi_ws/install/lekiwi_control/lib/lekiwi_control
writing list of installed files to '/home/acy/lekiwi/lekiwi_ws/build/lekiwi_control/install.log'
