running egg_info
creating ../../build/lekiwi_servo/lekiwi_servo.egg-info
writing ../../build/lekiwi_servo/lekiwi_servo.egg-info/PKG-INFO
writing dependency_links to ../../build/lekiwi_servo/lekiwi_servo.egg-info/dependency_links.txt
writing entry points to ../../build/lekiwi_servo/lekiwi_servo.egg-info/entry_points.txt
writing requirements to ../../build/lekiwi_servo/lekiwi_servo.egg-info/requires.txt
writing top-level names to ../../build/lekiwi_servo/lekiwi_servo.egg-info/top_level.txt
writing manifest file '../../build/lekiwi_servo/lekiwi_servo.egg-info/SOURCES.txt'
reading manifest file '../../build/lekiwi_servo/lekiwi_servo.egg-info/SOURCES.txt'
writing manifest file '../../build/lekiwi_servo/lekiwi_servo.egg-info/SOURCES.txt'
running build
running build_py
creating /home/acy/lekiwi/lekiwi_ws/build/lekiwi_servo/build
creating /home/acy/lekiwi/lekiwi_ws/build/lekiwi_servo/build/lib
creating /home/acy/lekiwi/lekiwi_ws/build/lekiwi_servo/build/lib/lekiwi_servo
copying lekiwi_servo/servo_controller.py -> /home/acy/lekiwi/lekiwi_ws/build/lekiwi_servo/build/lib/lekiwi_servo
copying lekiwi_servo/__init__.py -> /home/acy/lekiwi/lekiwi_ws/build/lekiwi_servo/build/lib/lekiwi_servo
running install
running install_lib
creating /home/acy/lekiwi/lekiwi_ws/install/lekiwi_servo/lib/python3.10/site-packages/lekiwi_servo
copying /home/acy/lekiwi/lekiwi_ws/build/lekiwi_servo/build/lib/lekiwi_servo/servo_controller.py -> /home/acy/lekiwi/lekiwi_ws/install/lekiwi_servo/lib/python3.10/site-packages/lekiwi_servo
copying /home/acy/lekiwi/lekiwi_ws/build/lekiwi_servo/build/lib/lekiwi_servo/__init__.py -> /home/acy/lekiwi/lekiwi_ws/install/lekiwi_servo/lib/python3.10/site-packages/lekiwi_servo
byte-compiling /home/acy/lekiwi/lekiwi_ws/install/lekiwi_servo/lib/python3.10/site-packages/lekiwi_servo/servo_controller.py to servo_controller.cpython-310.pyc
byte-compiling /home/acy/lekiwi/lekiwi_ws/install/lekiwi_servo/lib/python3.10/site-packages/lekiwi_servo/__init__.py to __init__.cpython-310.pyc
running install_data
creating /home/acy/lekiwi/lekiwi_ws/install/lekiwi_servo/share/ament_index
creating /home/acy/lekiwi/lekiwi_ws/install/lekiwi_servo/share/ament_index/resource_index
creating /home/acy/lekiwi/lekiwi_ws/install/lekiwi_servo/share/ament_index/resource_index/packages
copying resource/lekiwi_servo -> /home/acy/lekiwi/lekiwi_ws/install/lekiwi_servo/share/ament_index/resource_index/packages
copying package.xml -> /home/acy/lekiwi/lekiwi_ws/install/lekiwi_servo/share/lekiwi_servo
running install_egg_info
Copying ../../build/lekiwi_servo/lekiwi_servo.egg-info to /home/acy/lekiwi/lekiwi_ws/install/lekiwi_servo/lib/python3.10/site-packages/lekiwi_servo-0.0.0-py3.10.egg-info
running install_scripts
Installing servo_controller script to /home/acy/lekiwi/lekiwi_ws/install/lekiwi_servo/lib/lekiwi_servo
writing list of installed files to '/home/acy/lekiwi/lekiwi_ws/build/lekiwi_servo/install.log'
